2022-02-18 15:16:11,273 INFO:

Загружен файл: I:\rastr_add\test\2026 зим макс (-41°C).rg2

2022-02-18 15:16:11,274 INFO:	*** Начало корректировку модели 'до импорта' ***
2022-02-18 15:16:11,274 INFO:		Функция cor: keys='15145 ny=15147',  tasks='del'
2022-02-18 15:16:11,279 INFO:		Функция cor: keys='15561,15129,0 15562,15130,0 Num=912 g=913',  tasks='del'
2022-02-18 15:16:11,282 INFO:		Функция cor: keys='15148',  tasks='name=Промплощадка:_изм_name'
2022-02-18 15:16:11,285 INFO:		Функция cor: keys='na=11(node) (vetv)',  tasks='sel=1'
2022-02-18 15:16:11,287 DEBUG:2026 зим макс (-41°C).rg2 Доп. имя -41°C не проходит по условию: 0°C
2022-02-18 15:16:11,287 INFO:		Функция cor: keys='(node) (vetv) (Generator)',  tasks='sel=0'
2022-02-18 15:16:11,294 INFO:	В таблицу <node> добавлена строка <ny=3 pn=1 uhom=120 na=11 name=Новый_узел>, индекс <241>
2022-02-18 15:16:11,297 INFO:	В таблицу <vetv> добавлена строка <ip=15524 iq=3 np=3 x=2 r=1,5 b=-0,000182>, индекс <336>
2022-02-18 15:16:11,297 INFO:	Исправить пробелы, заменить английские буквы на русские.
2022-02-18 15:16:11,299 INFO:		Исправление текстового поля: ('node', 'name') <отп. > на <отп.>
2022-02-18 15:16:11,299 INFO:		Исправление текстового поля: ('node', 'name') <отп. > на <отп.>
2022-02-18 15:16:11,321 INFO:		Исправление текстового поля: ('node', 'name') <Промплощадка: изм name> на <Промплощадка: изм nаmе>
2022-02-18 15:16:11,397 INFO:	Добавлены зависимости СХН в таблицу узлы (uhom>100 nsx=1, uhom<100 nsx=2)
2022-02-18 15:16:11,399 ERROR:В таблице node по выборке na=11&uhom<100 не найдено строк.
2022-02-18 15:16:11,481 WARNING:	Несоответствие номинального напряжения! ny='3', name='Новый_узел', uhom=120.0.
2022-02-18 15:16:11,482 INFO:	Внесены изменения! ny='3', name='Новый_узел', uhom=110
2022-02-18 15:16:11,488 DEBUG:	Расчет режима: txt_task_cor
2022-02-18 15:16:11,488 INFO:	*** Конец выполнения корректировки моделей 'до импорта' ***
2022-02-18 15:16:11,722 INFO:Файл сохранен: I:\rastr_add\test\test_result\2026 зим макс (-41°C).rg2
2022-02-18 15:16:11,767 INFO:

Загружен файл: I:\rastr_add\test\2026 зим макс (0°C).rg2

2022-02-18 15:16:11,767 INFO:	*** Начало корректировку модели 'до импорта' ***
2022-02-18 15:16:11,767 INFO:		Функция cor: keys='15145 ny=15147',  tasks='del'
2022-02-18 15:16:11,772 INFO:		Функция cor: keys='15561,15129,0 15562,15130,0 Num=912 g=913',  tasks='del'
2022-02-18 15:16:11,775 INFO:		Функция cor: keys='15148',  tasks='name=Промплощадка:_изм_name'
2022-02-18 15:16:11,777 INFO:		Функция cor: keys='na=11(node) (vetv)',  tasks='sel=1'
2022-02-18 15:16:11,780 INFO:		Функция cor: keys='(vetv) (area) (area2) (darea)',  tasks='Tc=0'
2022-02-18 15:16:11,785 INFO:		Функция cor: keys='(node) (vetv) (Generator)',  tasks='sel=0'
2022-02-18 15:16:11,791 INFO:	В таблицу <node> добавлена строка <ny=3 pn=1 uhom=120 na=11 name=Новый_узел>, индекс <241>
2022-02-18 15:16:11,794 INFO:	В таблицу <vetv> добавлена строка <ip=15524 iq=3 np=3 x=2 r=1,5 b=-0,000182>, индекс <336>
2022-02-18 15:16:11,794 INFO:	Исправить пробелы, заменить английские буквы на русские.
2022-02-18 15:16:11,796 INFO:		Исправление текстового поля: ('node', 'name') <отп. > на <отп.>
2022-02-18 15:16:11,796 INFO:		Исправление текстового поля: ('node', 'name') <отп. > на <отп.>
2022-02-18 15:16:11,817 INFO:		Исправление текстового поля: ('node', 'name') <Промплощадка: изм name> на <Промплощадка: изм nаmе>
2022-02-18 15:16:11,891 INFO:	Добавлены зависимости СХН в таблицу узлы (uhom>100 nsx=1, uhom<100 nsx=2)
2022-02-18 15:16:11,893 ERROR:В таблице node по выборке na=11&uhom<100 не найдено строк.
2022-02-18 15:16:11,975 WARNING:	Несоответствие номинального напряжения! ny='3', name='Новый_узел', uhom=120.0.
2022-02-18 15:16:11,975 INFO:	Внесены изменения! ny='3', name='Новый_узел', uhom=110
2022-02-18 15:16:11,981 DEBUG:	Расчет режима: txt_task_cor
2022-02-18 15:16:11,981 INFO:	*** Конец выполнения корректировки моделей 'до импорта' ***
2022-02-18 15:16:12,213 INFO:Файл сохранен: I:\rastr_add\test\test_result\2026 зим макс (0°C).rg2
2022-02-18 15:16:12,280 INFO:

Загружен файл: I:\rastr_add\test\2026 зим мин (-41°C).rg2

2022-02-18 15:16:12,280 INFO:	*** Начало корректировку модели 'до импорта' ***
2022-02-18 15:16:12,280 INFO:		Функция cor: keys='15145 ny=15147',  tasks='del'
2022-02-18 15:16:12,285 INFO:		Функция cor: keys='15561,15129,0 15562,15130,0 Num=912 g=913',  tasks='del'
2022-02-18 15:16:12,288 INFO:		Функция cor: keys='15148',  tasks='name=Промплощадка:_изм_name'
2022-02-18 15:16:12,290 INFO:		Функция cor: keys='na=11(node) (vetv)',  tasks='sel=1'
2022-02-18 15:16:12,293 DEBUG:2026 зим мин (-41°C).rg2 'мин' не проходит по условию: макс
2022-02-18 15:16:12,293 INFO:		Функция cor: keys='(node) (vetv) (Generator)',  tasks='sel=0'
2022-02-18 15:16:12,299 INFO:	В таблицу <node> добавлена строка <ny=3 pn=1 uhom=120 na=11 name=Новый_узел>, индекс <241>
2022-02-18 15:16:12,301 INFO:	В таблицу <vetv> добавлена строка <ip=15524 iq=3 np=3 x=2 r=1,5 b=-0,000182>, индекс <336>
2022-02-18 15:16:12,301 INFO:	Исправить пробелы, заменить английские буквы на русские.
2022-02-18 15:16:12,303 INFO:		Исправление текстового поля: ('node', 'name') <отп. > на <отп.>
2022-02-18 15:16:12,303 INFO:		Исправление текстового поля: ('node', 'name') <отп. > на <отп.>
2022-02-18 15:16:12,325 INFO:		Исправление текстового поля: ('node', 'name') <Промплощадка: изм name> на <Промплощадка: изм nаmе>
2022-02-18 15:16:12,399 INFO:	Добавлены зависимости СХН в таблицу узлы (uhom>100 nsx=1, uhom<100 nsx=2)
2022-02-18 15:16:12,401 ERROR:В таблице node по выборке na=11&uhom<100 не найдено строк.
2022-02-18 15:16:12,481 WARNING:	Несоответствие номинального напряжения! ny='3', name='Новый_узел', uhom=120.0.
2022-02-18 15:16:12,482 INFO:	Внесены изменения! ny='3', name='Новый_узел', uhom=110
2022-02-18 15:16:12,487 DEBUG:	Расчет режима: txt_task_cor
2022-02-18 15:16:12,487 INFO:	*** Конец выполнения корректировки моделей 'до импорта' ***
2022-02-18 15:16:12,740 INFO:Файл сохранен: I:\rastr_add\test\test_result\2026 зим мин (-41°C).rg2
2022-02-18 15:16:12,798 INFO:

Загружен файл: I:\rastr_add\test\2026 зим мин (0°C).rg2

2022-02-18 15:16:12,798 INFO:	*** Начало корректировку модели 'до импорта' ***
2022-02-18 15:16:12,799 INFO:		Функция cor: keys='15145 ny=15147',  tasks='del'
2022-02-18 15:16:12,803 INFO:		Функция cor: keys='15561,15129,0 15562,15130,0 Num=912 g=913',  tasks='del'
2022-02-18 15:16:12,807 INFO:		Функция cor: keys='15148',  tasks='name=Промплощадка:_изм_name'
2022-02-18 15:16:12,808 INFO:		Функция cor: keys='na=11(node) (vetv)',  tasks='sel=1'
2022-02-18 15:16:12,811 DEBUG:2026 зим мин (0°C).rg2 'мин' не проходит по условию: макс
2022-02-18 15:16:12,811 INFO:		Функция cor: keys='(node) (vetv) (Generator)',  tasks='sel=0'
2022-02-18 15:16:12,817 INFO:	В таблицу <node> добавлена строка <ny=3 pn=1 uhom=120 na=11 name=Новый_узел>, индекс <241>
2022-02-18 15:16:12,820 INFO:	В таблицу <vetv> добавлена строка <ip=15524 iq=3 np=3 x=2 r=1,5 b=-0,000182>, индекс <338>
2022-02-18 15:16:12,820 INFO:	Исправить пробелы, заменить английские буквы на русские.
2022-02-18 15:16:12,822 INFO:		Исправление текстового поля: ('node', 'name') <отп. > на <отп.>
2022-02-18 15:16:12,822 INFO:		Исправление текстового поля: ('node', 'name') <отп. > на <отп.>
2022-02-18 15:16:12,844 INFO:		Исправление текстового поля: ('node', 'name') <Промплощадка: изм name> на <Промплощадка: изм nаmе>
2022-02-18 15:16:12,917 INFO:	Добавлены зависимости СХН в таблицу узлы (uhom>100 nsx=1, uhom<100 nsx=2)
2022-02-18 15:16:12,919 ERROR:В таблице node по выборке na=11&uhom<100 не найдено строк.
2022-02-18 15:16:13,000 WARNING:	Несоответствие номинального напряжения! ny='3', name='Новый_узел', uhom=120.0.
2022-02-18 15:16:13,000 INFO:	Внесены изменения! ny='3', name='Новый_узел', uhom=110
2022-02-18 15:16:13,007 DEBUG:	Расчет режима: txt_task_cor
2022-02-18 15:16:13,007 INFO:	*** Конец выполнения корректировки моделей 'до импорта' ***
2022-02-18 15:16:13,269 INFO:Файл сохранен: I:\rastr_add\test\test_result\2026 зим мин (0°C).rg2
2022-02-18 15:16:13,339 INFO:

Загружен файл: I:\rastr_add\test\2026 лет макс (17°C).rg2

2022-02-18 15:16:13,339 INFO:	*** Начало корректировку модели 'до импорта' ***
2022-02-18 15:16:13,340 INFO:		Функция cor: keys='15145 ny=15147',  tasks='del'
2022-02-18 15:16:13,344 INFO:		Функция cor: keys='15561,15129,0 15562,15130,0 Num=912 g=913',  tasks='del'
2022-02-18 15:16:13,347 INFO:		Функция cor: keys='15148',  tasks='name=Промплощадка:_изм_name'
2022-02-18 15:16:13,349 INFO:		Функция cor: keys='na=11(node) (vetv)',  tasks='sel=1'
2022-02-18 15:16:13,351 DEBUG:2026 лет макс (17°C).rg2 Сезон 'лет' не проходит по условию: зим
2022-02-18 15:16:13,351 DEBUG:2026 лет макс (17°C).rg2 Сезон 'лет' не проходит по условию: зим
2022-02-18 15:16:13,354 INFO:	В таблицу <node> добавлена строка <ny=3 pn=1 uhom=120 na=11 name=Новый_узел>, индекс <241>
2022-02-18 15:16:13,357 INFO:	В таблицу <vetv> добавлена строка <ip=15524 iq=3 np=3 x=2 r=1,5 b=-0,000182>, индекс <338>
2022-02-18 15:16:13,357 INFO:	Исправить пробелы, заменить английские буквы на русские.
2022-02-18 15:16:13,359 INFO:		Исправление текстового поля: ('node', 'name') <отп. > на <отп.>
2022-02-18 15:16:13,359 INFO:		Исправление текстового поля: ('node', 'name') <отп. > на <отп.>
2022-02-18 15:16:13,381 INFO:		Исправление текстового поля: ('node', 'name') <Промплощадка: изм name> на <Промплощадка: изм nаmе>
2022-02-18 15:16:13,455 INFO:	Добавлены зависимости СХН в таблицу узлы (uhom>100 nsx=1, uhom<100 nsx=2)
2022-02-18 15:16:13,457 ERROR:В таблице node по выборке na=11&uhom<100 не найдено строк.
2022-02-18 15:16:13,538 WARNING:	Несоответствие номинального напряжения! ny='3', name='Новый_узел', uhom=120.0.
2022-02-18 15:16:13,539 INFO:	Внесены изменения! ny='3', name='Новый_узел', uhom=110
2022-02-18 15:16:13,545 DEBUG:	Расчет режима: txt_task_cor
2022-02-18 15:16:13,545 INFO:	*** Конец выполнения корректировки моделей 'до импорта' ***
2022-02-18 15:16:13,791 INFO:Файл сохранен: I:\rastr_add\test\test_result\2026 лет макс (17°C).rg2
2022-02-18 15:16:13,837 INFO:

Загружен файл: I:\rastr_add\test\2026 лет макс (30°C ПЭВТ).rg2

2022-02-18 15:16:13,837 INFO:	*** Начало корректировку модели 'до импорта' ***
2022-02-18 15:16:13,837 INFO:		Функция cor: keys='15145 ny=15147',  tasks='del'
2022-02-18 15:16:13,841 INFO:		Функция cor: keys='15561,15129,0 15562,15130,0 Num=912 g=913',  tasks='del'
2022-02-18 15:16:13,845 INFO:		Функция cor: keys='15148',  tasks='name=Промплощадка:_изм_name'
2022-02-18 15:16:13,847 INFO:		Функция cor: keys='na=11(node) (vetv)',  tasks='sel=1'
2022-02-18 15:16:13,850 DEBUG:2026 лет макс (30°C ПЭВТ).rg2 Сезон 'лет' не проходит по условию: зим
2022-02-18 15:16:13,850 DEBUG:2026 лет макс (30°C ПЭВТ).rg2 Сезон 'лет' не проходит по условию: зим
2022-02-18 15:16:13,852 INFO:	В таблицу <node> добавлена строка <ny=3 pn=1 uhom=120 na=11 name=Новый_узел>, индекс <241>
2022-02-18 15:16:13,855 INFO:	В таблицу <vetv> добавлена строка <ip=15524 iq=3 np=3 x=2 r=1,5 b=-0,000182>, индекс <338>
2022-02-18 15:16:13,855 INFO:	Исправить пробелы, заменить английские буквы на русские.
2022-02-18 15:16:13,857 INFO:		Исправление текстового поля: ('node', 'name') <отп. > на <отп.>
2022-02-18 15:16:13,857 INFO:		Исправление текстового поля: ('node', 'name') <отп. > на <отп.>
2022-02-18 15:16:13,880 INFO:		Исправление текстового поля: ('node', 'name') <Промплощадка: изм name> на <Промплощадка: изм nаmе>
2022-02-18 15:16:13,955 INFO:	Добавлены зависимости СХН в таблицу узлы (uhom>100 nsx=1, uhom<100 nsx=2)
2022-02-18 15:16:13,957 ERROR:В таблице node по выборке na=11&uhom<100 не найдено строк.
2022-02-18 15:16:14,040 WARNING:	Несоответствие номинального напряжения! ny='3', name='Новый_узел', uhom=120.0.
2022-02-18 15:16:14,041 INFO:	Внесены изменения! ny='3', name='Новый_узел', uhom=110
2022-02-18 15:16:14,046 DEBUG:	Расчет режима: txt_task_cor
2022-02-18 15:16:14,046 INFO:	*** Конец выполнения корректировки моделей 'до импорта' ***
2022-02-18 15:16:14,238 INFO:Файл сохранен: I:\rastr_add\test\test_result\2026 лет макс (30°C ПЭВТ).rg2
2022-02-18 15:16:14,335 INFO:

Загружен файл: I:\rastr_add\test\2026 лет мин (17°C).rg2

2022-02-18 15:16:14,335 INFO:	*** Начало корректировку модели 'до импорта' ***
2022-02-18 15:16:14,335 INFO:		Функция cor: keys='15145 ny=15147',  tasks='del'
2022-02-18 15:16:14,340 INFO:		Функция cor: keys='15561,15129,0 15562,15130,0 Num=912 g=913',  tasks='del'
2022-02-18 15:16:14,343 INFO:		Функция cor: keys='15148',  tasks='name=Промплощадка:_изм_name'
2022-02-18 15:16:14,345 INFO:		Функция cor: keys='na=11(node) (vetv)',  tasks='sel=1'
2022-02-18 15:16:14,347 DEBUG:2026 лет мин (17°C).rg2 Сезон 'лет' не проходит по условию: зим
2022-02-18 15:16:14,348 DEBUG:2026 лет мин (17°C).rg2 Сезон 'лет' не проходит по условию: зим
2022-02-18 15:16:14,350 INFO:	В таблицу <node> добавлена строка <ny=3 pn=1 uhom=120 na=11 name=Новый_узел>, индекс <241>
2022-02-18 15:16:14,353 INFO:	В таблицу <vetv> добавлена строка <ip=15524 iq=3 np=3 x=2 r=1,5 b=-0,000182>, индекс <338>
2022-02-18 15:16:14,353 INFO:	Исправить пробелы, заменить английские буквы на русские.
2022-02-18 15:16:14,355 INFO:		Исправление текстового поля: ('node', 'name') <отп. > на <отп.>
2022-02-18 15:16:14,355 INFO:		Исправление текстового поля: ('node', 'name') <отп. > на <отп.>
2022-02-18 15:16:14,377 INFO:		Исправление текстового поля: ('node', 'name') <Промплощадка: изм name> на <Промплощадка: изм nаmе>
2022-02-18 15:16:14,453 INFO:	Добавлены зависимости СХН в таблицу узлы (uhom>100 nsx=1, uhom<100 nsx=2)
2022-02-18 15:16:14,455 ERROR:В таблице node по выборке na=11&uhom<100 не найдено строк.
2022-02-18 15:16:14,535 WARNING:	Несоответствие номинального напряжения! ny='3', name='Новый_узел', uhom=120.0.
2022-02-18 15:16:14,536 INFO:	Внесены изменения! ny='3', name='Новый_узел', uhom=110
2022-02-18 15:16:14,541 DEBUG:	Расчет режима: txt_task_cor
2022-02-18 15:16:14,541 INFO:	*** Конец выполнения корректировки моделей 'до импорта' ***
2022-02-18 15:16:14,812 INFO:Файл сохранен: I:\rastr_add\test\test_result\2026 лет мин (17°C).rg2
2022-02-18 15:16:14,874 INFO:

Загружен файл: I:\rastr_add\test\2027 зим макс (-41°C).rg2

2022-02-18 15:16:14,874 INFO:	*** Начало корректировку модели 'до импорта' ***
2022-02-18 15:16:14,874 INFO:		Функция cor: keys='15145 ny=15147',  tasks='del'
2022-02-18 15:16:14,879 INFO:		Функция cor: keys='15561,15129,0 15562,15130,0 Num=912 g=913',  tasks='del'
2022-02-18 15:16:14,882 INFO:		Функция cor: keys='15148',  tasks='name=Промплощадка:_изм_name'
2022-02-18 15:16:14,884 DEBUG:2027 зим макс (-41°C).rg2 Год '2027' не проходит по условию: 2026
2022-02-18 15:16:14,884 DEBUG:2027 зим макс (-41°C).rg2 Год '2027' не проходит по условию: 2026
2022-02-18 15:16:14,884 DEBUG:2027 зим макс (-41°C).rg2 Год '2027' не проходит по условию: 2026
2022-02-18 15:16:14,886 INFO:	В таблицу <node> добавлена строка <ny=3 pn=1 uhom=120 na=11 name=Новый_узел>, индекс <241>
2022-02-18 15:16:14,889 INFO:	В таблицу <vetv> добавлена строка <ip=15524 iq=3 np=3 x=2 r=1,5 b=-0,000182>, индекс <336>
2022-02-18 15:16:14,889 INFO:	Исправить пробелы, заменить английские буквы на русские.
2022-02-18 15:16:14,891 INFO:		Исправление текстового поля: ('node', 'name') <отп. > на <отп.>
2022-02-18 15:16:14,891 INFO:		Исправление текстового поля: ('node', 'name') <отп. > на <отп.>
2022-02-18 15:16:14,913 INFO:		Исправление текстового поля: ('node', 'name') <Промплощадка: изм name> на <Промплощадка: изм nаmе>
2022-02-18 15:16:14,988 INFO:	Добавлены зависимости СХН в таблицу узлы (uhom>100 nsx=1, uhom<100 nsx=2)
2022-02-18 15:16:14,990 ERROR:В таблице node по выборке na=11&uhom<100 не найдено строк.
2022-02-18 15:16:15,074 WARNING:	Несоответствие номинального напряжения! ny='3', name='Новый_узел', uhom=120.0.
2022-02-18 15:16:15,074 INFO:	Внесены изменения! ny='3', name='Новый_узел', uhom=110
2022-02-18 15:16:15,079 DEBUG:	Расчет режима: txt_task_cor
2022-02-18 15:16:15,079 INFO:	*** Конец выполнения корректировки моделей 'до импорта' ***
2022-02-18 15:16:15,322 INFO:Файл сохранен: I:\rastr_add\test\test_result\2027 зим макс (-41°C).rg2
2022-02-18 15:16:15,367 INFO:

Загружен файл: I:\rastr_add\test\2027 зим макс (0°C).rg2

2022-02-18 15:16:15,367 INFO:	*** Начало корректировку модели 'до импорта' ***
2022-02-18 15:16:15,367 INFO:		Функция cor: keys='15145 ny=15147',  tasks='del'
2022-02-18 15:16:15,372 INFO:		Функция cor: keys='15561,15129,0 15562,15130,0 Num=912 g=913',  tasks='del'
2022-02-18 15:16:15,375 INFO:		Функция cor: keys='15148',  tasks='name=Промплощадка:_изм_name'
2022-02-18 15:16:15,377 DEBUG:2027 зим макс (0°C).rg2 Год '2027' не проходит по условию: 2026
2022-02-18 15:16:15,377 DEBUG:2027 зим макс (0°C).rg2 Год '2027' не проходит по условию: 2026
2022-02-18 15:16:15,377 DEBUG:2027 зим макс (0°C).rg2 Год '2027' не проходит по условию: 2026
2022-02-18 15:16:15,380 INFO:	В таблицу <node> добавлена строка <ny=3 pn=1 uhom=120 na=11 name=Новый_узел>, индекс <241>
2022-02-18 15:16:15,383 INFO:	В таблицу <vetv> добавлена строка <ip=15524 iq=3 np=3 x=2 r=1,5 b=-0,000182>, индекс <336>
2022-02-18 15:16:15,383 INFO:	Исправить пробелы, заменить английские буквы на русские.
2022-02-18 15:16:15,385 INFO:		Исправление текстового поля: ('node', 'name') <отп. > на <отп.>
2022-02-18 15:16:15,385 INFO:		Исправление текстового поля: ('node', 'name') <отп. > на <отп.>
2022-02-18 15:16:15,407 INFO:		Исправление текстового поля: ('node', 'name') <Промплощадка: изм name> на <Промплощадка: изм nаmе>
2022-02-18 15:16:15,482 INFO:	Добавлены зависимости СХН в таблицу узлы (uhom>100 nsx=1, uhom<100 nsx=2)
2022-02-18 15:16:15,484 ERROR:В таблице node по выборке na=11&uhom<100 не найдено строк.
2022-02-18 15:16:15,565 WARNING:	Несоответствие номинального напряжения! ny='3', name='Новый_узел', uhom=120.0.
2022-02-18 15:16:15,566 INFO:	Внесены изменения! ny='3', name='Новый_узел', uhom=110
2022-02-18 15:16:15,571 DEBUG:	Расчет режима: txt_task_cor
2022-02-18 15:16:15,571 INFO:	*** Конец выполнения корректировки моделей 'до импорта' ***
2022-02-18 15:16:15,785 INFO:Файл сохранен: I:\rastr_add\test\test_result\2027 зим макс (0°C).rg2
2022-02-18 15:16:15,848 INFO:

Загружен файл: I:\rastr_add\test\2027 зим мин (-41°C).rg2

2022-02-18 15:16:15,848 INFO:	*** Начало корректировку модели 'до импорта' ***
2022-02-18 15:16:15,848 INFO:		Функция cor: keys='15145 ny=15147',  tasks='del'
2022-02-18 15:16:15,853 INFO:		Функция cor: keys='15561,15129,0 15562,15130,0 Num=912 g=913',  tasks='del'
2022-02-18 15:16:15,856 INFO:		Функция cor: keys='15148',  tasks='name=Промплощадка:_изм_name'
2022-02-18 15:16:15,858 DEBUG:2027 зим мин (-41°C).rg2 Год '2027' не проходит по условию: 2026
2022-02-18 15:16:15,858 DEBUG:2027 зим мин (-41°C).rg2 Год '2027' не проходит по условию: 2026
2022-02-18 15:16:15,858 DEBUG:2027 зим мин (-41°C).rg2 Год '2027' не проходит по условию: 2026
2022-02-18 15:16:15,860 INFO:	В таблицу <node> добавлена строка <ny=3 pn=1 uhom=120 na=11 name=Новый_узел>, индекс <241>
2022-02-18 15:16:15,863 INFO:	В таблицу <vetv> добавлена строка <ip=15524 iq=3 np=3 x=2 r=1,5 b=-0,000182>, индекс <336>
2022-02-18 15:16:15,863 INFO:	Исправить пробелы, заменить английские буквы на русские.
2022-02-18 15:16:15,865 INFO:		Исправление текстового поля: ('node', 'name') <отп. > на <отп.>
2022-02-18 15:16:15,865 INFO:		Исправление текстового поля: ('node', 'name') <отп. > на <отп.>
2022-02-18 15:16:15,888 INFO:		Исправление текстового поля: ('node', 'name') <Промплощадка: изм name> на <Промплощадка: изм nаmе>
2022-02-18 15:16:15,962 INFO:	Добавлены зависимости СХН в таблицу узлы (uhom>100 nsx=1, uhom<100 nsx=2)
2022-02-18 15:16:15,964 ERROR:В таблице node по выборке na=11&uhom<100 не найдено строк.
2022-02-18 15:16:16,045 WARNING:	Несоответствие номинального напряжения! ny='3', name='Новый_узел', uhom=120.0.
2022-02-18 15:16:16,045 INFO:	Внесены изменения! ny='3', name='Новый_узел', uhom=110
2022-02-18 15:16:16,051 DEBUG:	Расчет режима: txt_task_cor
2022-02-18 15:16:16,051 INFO:	*** Конец выполнения корректировки моделей 'до импорта' ***
2022-02-18 15:16:16,340 INFO:Файл сохранен: I:\rastr_add\test\test_result\2027 зим мин (-41°C).rg2
2022-02-18 15:16:16,393 INFO:

Загружен файл: I:\rastr_add\test\2027 зим мин (0°C).rg2

2022-02-18 15:16:16,393 INFO:	*** Начало корректировку модели 'до импорта' ***
2022-02-18 15:16:16,393 INFO:		Функция cor: keys='15145 ny=15147',  tasks='del'
2022-02-18 15:16:16,398 INFO:		Функция cor: keys='15561,15129,0 15562,15130,0 Num=912 g=913',  tasks='del'
2022-02-18 15:16:16,401 INFO:		Функция cor: keys='15148',  tasks='name=Промплощадка:_изм_name'
2022-02-18 15:16:16,403 DEBUG:2027 зим мин (0°C).rg2 Год '2027' не проходит по условию: 2026
2022-02-18 15:16:16,403 DEBUG:2027 зим мин (0°C).rg2 Год '2027' не проходит по условию: 2026
2022-02-18 15:16:16,403 DEBUG:2027 зим мин (0°C).rg2 Год '2027' не проходит по условию: 2026
2022-02-18 15:16:16,405 INFO:	В таблицу <node> добавлена строка <ny=3 pn=1 uhom=120 na=11 name=Новый_узел>, индекс <241>
2022-02-18 15:16:16,408 INFO:	В таблицу <vetv> добавлена строка <ip=15524 iq=3 np=3 x=2 r=1,5 b=-0,000182>, индекс <337>
2022-02-18 15:16:16,408 INFO:	Исправить пробелы, заменить английские буквы на русские.
2022-02-18 15:16:16,410 INFO:		Исправление текстового поля: ('node', 'name') <отп. > на <отп.>
2022-02-18 15:16:16,410 INFO:		Исправление текстового поля: ('node', 'name') <отп. > на <отп.>
2022-02-18 15:16:16,432 INFO:		Исправление текстового поля: ('node', 'name') <Промплощадка: изм name> на <Промплощадка: изм nаmе>
2022-02-18 15:16:16,506 INFO:	Добавлены зависимости СХН в таблицу узлы (uhom>100 nsx=1, uhom<100 nsx=2)
2022-02-18 15:16:16,508 ERROR:В таблице node по выборке na=11&uhom<100 не найдено строк.
2022-02-18 15:16:16,590 WARNING:	Несоответствие номинального напряжения! ny='3', name='Новый_узел', uhom=120.0.
2022-02-18 15:16:16,591 INFO:	Внесены изменения! ny='3', name='Новый_узел', uhom=110
2022-02-18 15:16:16,596 DEBUG:	Расчет режима: txt_task_cor
2022-02-18 15:16:16,596 INFO:	*** Конец выполнения корректировки моделей 'до импорта' ***
2022-02-18 15:16:16,864 INFO:Файл сохранен: I:\rastr_add\test\test_result\2027 зим мин (0°C).rg2
2022-02-18 15:16:16,913 INFO:

Загружен файл: I:\rastr_add\test\2027 лет макс (17°C).rg2

2022-02-18 15:16:16,913 INFO:	*** Начало корректировку модели 'до импорта' ***
2022-02-18 15:16:16,913 INFO:		Функция cor: keys='15145 ny=15147',  tasks='del'
2022-02-18 15:16:16,918 INFO:		Функция cor: keys='15561,15129,0 15562,15130,0 Num=912 g=913',  tasks='del'
2022-02-18 15:16:16,921 INFO:		Функция cor: keys='15148',  tasks='name=Промплощадка:_изм_name'
2022-02-18 15:16:16,923 DEBUG:2027 лет макс (17°C).rg2 Год '2027' не проходит по условию: 2026
2022-02-18 15:16:16,923 DEBUG:2027 лет макс (17°C).rg2 Год '2027' не проходит по условию: 2026
2022-02-18 15:16:16,923 DEBUG:2027 лет макс (17°C).rg2 Год '2027' не проходит по условию: 2026
2022-02-18 15:16:16,925 INFO:	В таблицу <node> добавлена строка <ny=3 pn=1 uhom=120 na=11 name=Новый_узел>, индекс <241>
2022-02-18 15:16:16,928 INFO:	В таблицу <vetv> добавлена строка <ip=15524 iq=3 np=3 x=2 r=1,5 b=-0,000182>, индекс <338>
2022-02-18 15:16:16,928 INFO:	Исправить пробелы, заменить английские буквы на русские.
2022-02-18 15:16:16,930 INFO:		Исправление текстового поля: ('node', 'name') <отп. > на <отп.>
2022-02-18 15:16:16,930 INFO:		Исправление текстового поля: ('node', 'name') <отп. > на <отп.>
2022-02-18 15:16:16,952 INFO:		Исправление текстового поля: ('node', 'name') <Промплощадка: изм name> на <Промплощадка: изм nаmе>
2022-02-18 15:16:17,026 INFO:	Добавлены зависимости СХН в таблицу узлы (uhom>100 nsx=1, uhom<100 nsx=2)
2022-02-18 15:16:17,028 ERROR:В таблице node по выборке na=11&uhom<100 не найдено строк.
2022-02-18 15:16:17,109 WARNING:	Несоответствие номинального напряжения! ny='3', name='Новый_узел', uhom=120.0.
2022-02-18 15:16:17,110 INFO:	Внесены изменения! ny='3', name='Новый_узел', uhom=110
2022-02-18 15:16:17,117 DEBUG:	Расчет режима: txt_task_cor
2022-02-18 15:16:17,117 INFO:	*** Конец выполнения корректировки моделей 'до импорта' ***
2022-02-18 15:16:17,352 INFO:Файл сохранен: I:\rastr_add\test\test_result\2027 лет макс (17°C).rg2
2022-02-18 15:16:17,414 INFO:

Загружен файл: I:\rastr_add\test\2027 лет макс (30°C ПЭВТ).rg2

2022-02-18 15:16:17,414 INFO:	*** Начало корректировку модели 'до импорта' ***
2022-02-18 15:16:17,414 INFO:		Функция cor: keys='15145 ny=15147',  tasks='del'
2022-02-18 15:16:17,419 INFO:		Функция cor: keys='15561,15129,0 15562,15130,0 Num=912 g=913',  tasks='del'
2022-02-18 15:16:17,423 INFO:		Функция cor: keys='15148',  tasks='name=Промплощадка:_изм_name'
2022-02-18 15:16:17,424 DEBUG:2027 лет макс (30°C ПЭВТ).rg2 Год '2027' не проходит по условию: 2026
2022-02-18 15:16:17,424 DEBUG:2027 лет макс (30°C ПЭВТ).rg2 Год '2027' не проходит по условию: 2026
2022-02-18 15:16:17,424 DEBUG:2027 лет макс (30°C ПЭВТ).rg2 Год '2027' не проходит по условию: 2026
2022-02-18 15:16:17,427 INFO:	В таблицу <node> добавлена строка <ny=3 pn=1 uhom=120 na=11 name=Новый_узел>, индекс <241>
2022-02-18 15:16:17,430 INFO:	В таблицу <vetv> добавлена строка <ip=15524 iq=3 np=3 x=2 r=1,5 b=-0,000182>, индекс <338>
2022-02-18 15:16:17,430 INFO:	Исправить пробелы, заменить английские буквы на русские.
2022-02-18 15:16:17,431 INFO:		Исправление текстового поля: ('node', 'name') <отп. > на <отп.>
2022-02-18 15:16:17,432 INFO:		Исправление текстового поля: ('node', 'name') <отп. > на <отп.>
2022-02-18 15:16:17,454 INFO:		Исправление текстового поля: ('node', 'name') <Промплощадка: изм name> на <Промплощадка: изм nаmе>
2022-02-18 15:16:17,528 INFO:	Добавлены зависимости СХН в таблицу узлы (uhom>100 nsx=1, uhom<100 nsx=2)
2022-02-18 15:16:17,530 ERROR:В таблице node по выборке na=11&uhom<100 не найдено строк.
2022-02-18 15:16:17,609 WARNING:	Несоответствие номинального напряжения! ny='3', name='Новый_узел', uhom=120.0.
2022-02-18 15:16:17,609 INFO:	Внесены изменения! ny='3', name='Новый_узел', uhom=110
2022-02-18 15:16:17,614 DEBUG:	Расчет режима: txt_task_cor
2022-02-18 15:16:17,614 INFO:	*** Конец выполнения корректировки моделей 'до импорта' ***
2022-02-18 15:16:17,918 INFO:Файл сохранен: I:\rastr_add\test\test_result\2027 лет макс (30°C ПЭВТ).rg2
2022-02-18 15:16:17,967 INFO:

Загружен файл: I:\rastr_add\test\2027 лет мин (17°C).rg2

2022-02-18 15:16:17,967 INFO:	*** Начало корректировку модели 'до импорта' ***
2022-02-18 15:16:17,967 INFO:		Функция cor: keys='15145 ny=15147',  tasks='del'
2022-02-18 15:16:17,972 INFO:		Функция cor: keys='15561,15129,0 15562,15130,0 Num=912 g=913',  tasks='del'
2022-02-18 15:16:17,975 INFO:		Функция cor: keys='15148',  tasks='name=Промплощадка:_изм_name'
2022-02-18 15:16:17,977 DEBUG:2027 лет мин (17°C).rg2 Год '2027' не проходит по условию: 2026
2022-02-18 15:16:17,977 DEBUG:2027 лет мин (17°C).rg2 Год '2027' не проходит по условию: 2026
2022-02-18 15:16:17,977 DEBUG:2027 лет мин (17°C).rg2 Год '2027' не проходит по условию: 2026
2022-02-18 15:16:17,979 INFO:	В таблицу <node> добавлена строка <ny=3 pn=1 uhom=120 na=11 name=Новый_узел>, индекс <241>
2022-02-18 15:16:17,982 INFO:	В таблицу <vetv> добавлена строка <ip=15524 iq=3 np=3 x=2 r=1,5 b=-0,000182>, индекс <338>
2022-02-18 15:16:17,982 INFO:	Исправить пробелы, заменить английские буквы на русские.
2022-02-18 15:16:17,984 INFO:		Исправление текстового поля: ('node', 'name') <отп. > на <отп.>
2022-02-18 15:16:17,984 INFO:		Исправление текстового поля: ('node', 'name') <отп. > на <отп.>
2022-02-18 15:16:18,006 INFO:		Исправление текстового поля: ('node', 'name') <Промплощадка: изм name> на <Промплощадка: изм nаmе>
2022-02-18 15:16:18,081 INFO:	Добавлены зависимости СХН в таблицу узлы (uhom>100 nsx=1, uhom<100 nsx=2)
2022-02-18 15:16:18,083 ERROR:В таблице node по выборке na=11&uhom<100 не найдено строк.
2022-02-18 15:16:18,166 WARNING:	Несоответствие номинального напряжения! ny='3', name='Новый_узел', uhom=120.0.
2022-02-18 15:16:18,166 INFO:	Внесены изменения! ny='3', name='Новый_узел', uhom=110
2022-02-18 15:16:18,172 DEBUG:	Расчет режима: txt_task_cor
2022-02-18 15:16:18,172 INFO:	*** Конец выполнения корректировки моделей 'до импорта' ***
2022-02-18 15:16:18,440 INFO:Файл сохранен: I:\rastr_add\test\test_result\2027 лет мин (17°C).rg2
2022-02-18 15:16:18,485 INFO:

Загружен файл: I:\rastr_add\test\имя файла нестандартного формата.rg2

2022-02-18 15:16:18,485 INFO:	*** Начало корректировку модели 'до импорта' ***
2022-02-18 15:16:18,485 INFO:		Функция cor: keys='15145 ny=15147',  tasks='del'
2022-02-18 15:16:18,489 INFO:		Функция cor: keys='15561,15129,0 15562,15130,0 Num=912 g=913',  tasks='del'
2022-02-18 15:16:18,493 INFO:		Функция cor: keys='15148',  tasks='name=Промплощадка:_изм_name'
2022-02-18 15:16:18,494 INFO:		Функция cor: keys='na=11(node) (vetv)',  tasks='sel=1'
2022-02-18 15:16:18,497 INFO:		Функция cor: keys='(vetv) (area) (area2) (darea)',  tasks='Tc=0'
2022-02-18 15:16:18,502 INFO:		Функция cor: keys='(node) (vetv) (Generator)',  tasks='sel=0'
2022-02-18 15:16:18,508 INFO:	В таблицу <node> добавлена строка <ny=3 pn=1 uhom=120 na=11 name=Новый_узел>, индекс <241>
2022-02-18 15:16:18,511 INFO:	В таблицу <vetv> добавлена строка <ip=15524 iq=3 np=3 x=2 r=1,5 b=-0,000182>, индекс <336>
2022-02-18 15:16:18,511 INFO:	Исправить пробелы, заменить английские буквы на русские.
2022-02-18 15:16:18,513 INFO:		Исправление текстового поля: ('node', 'name') <отп. > на <отп.>
2022-02-18 15:16:18,513 INFO:		Исправление текстового поля: ('node', 'name') <отп. > на <отп.>
2022-02-18 15:16:18,535 INFO:		Исправление текстового поля: ('node', 'name') <Промплощадка: изм name> на <Промплощадка: изм nаmе>
2022-02-18 15:16:18,611 INFO:	Добавлены зависимости СХН в таблицу узлы (uhom>100 nsx=1, uhom<100 nsx=2)
2022-02-18 15:16:18,613 ERROR:В таблице node по выборке na=11&uhom<100 не найдено строк.
2022-02-18 15:16:18,695 WARNING:	Несоответствие номинального напряжения! ny='3', name='Новый_узел', uhom=120.0.
2022-02-18 15:16:18,695 INFO:	Внесены изменения! ny='3', name='Новый_узел', uhom=110
2022-02-18 15:16:18,701 DEBUG:	Расчет режима: txt_task_cor
2022-02-18 15:16:18,701 INFO:	*** Конец выполнения корректировки моделей 'до импорта' ***
2022-02-18 15:16:18,884 INFO:Файл сохранен: I:\rastr_add\test\test_result\имя файла нестандартного формата.rg2
2022-02-18 15:16:18,884 INFO:РАСЧЕТ ЗАКОНЧЕН! 
Начало расчета 18-02-2022 15:16, конец 18-02-2022 15-16 
Затрачено: 7.68 секунд или 0.1 минут
